<?xml version="1.0" encoding="UTF-8" ?>
<testsuite tests="4" failures="0" name="mavenpractice.CandidateTest" time="0.007" errors="0" skipped="1">
  <properties>
[...]
</properties>
  <testcase classname="mavenpractice.CandidateTest" name="createCandidateWithNegativeVotes" time="0.003"/>
  <testcase classname="mavenpractice.CandidateTest" name="test" time="0.004">
    <skipped/>
  </testcase>
  <testcase classname="mavenpractice.CandidateTest" name="createNormalCandidate" time="0"/>
  <testcase classname="mavenpractice.CandidateTest" name="preventsVoteCountOverflow" time="0"/>
</testsuite>